<?xml version="1.0" encoding="UTF-8"?>
<testsuite xmlns:xsi="http://www.w3.org/2001/XMLSchema-instance" xsi:noNamespaceSchemaLocation="https://maven.apache.org/surefire/maven-surefire-plugin/xsd/surefire-test-report.xsd" version="3.0.1" name="com.nt.service.AppTest" time="0.059" tests="6" errors="0" skipped="0" failures="0">
  <properties>
[...]
</properties>
  <testcase name="testWithNegativePrincipal" classname="com.nt.service.AppTest" time="0.022"/>
  <testcase name="testWithDecimalRate" classname="com.nt.service.AppTest" time="0.003"/>
  <testcase name="testWithZeroValues" classname="com.nt.service.AppTest" time="0.001"/>
  <testcase name="testWithSmallNum" classname="com.nt.service.AppTest" time="0.001"/>
  <testcase name="testWithNegativeRate" classname="com.nt.service.AppTest" time="0.001"/>
  <testcase name="testWithLargeNum" classname="com.nt.service.AppTest" time="0.0"/>
</testsuite>